<?xml version="1.0" encoding="UTF-8"?>
<testsuite xmlns:xsi="http://www.w3.org/2001/XMLSchema-instance" xsi:noNamespaceSchemaLocation="https://maven.apache.org/surefire/maven-surefire-plugin/xsd/surefire-test-report-3.0.xsd" version="3.0" name="com.levitator.util.test.ThrowingActionThreadTest" time="0.03" tests="3" errors="0" skipped="0" failures="0">
  <properties>
[...]
</properties>
  <testcase name="test_no_exception" classname="com.levitator.util.test.ThrowingActionThreadTest" time="0.009">
    <system-err><![CDATA[Exception in thread "Thread-9" java.lang.RuntimeException: runtime exception
	at com.levitator.util.test.ThrowingActionThreadTest.throw_runtime_exception(ThrowingActionThreadTest.java:44)
	at com.levitator.util.test.ThrowingActionThreadTest.lambda$setUpClass$0(ThrowingActionThreadTest.java:20)
	at com.levitator.util.ThrowingActionThread.run(ThrowingActionThread.java:53)
]]></system-err>
  </testcase>
  <testcase name="test_runtime_exception" classname="com.levitator.util.test.ThrowingActionThreadTest" time="0.001"/>
  <testcase name="test_io_exception" classname="com.levitator.util.test.ThrowingActionThreadTest" time="0"/>
</testsuite>